<?xml version="1.0" encoding="UTF-8"?>
<testng-results ignored="0" total="8" passed="7" failed="1" skipped="0">
  <reporter-output>
  </reporter-output>
  <suite started-at="2024-10-08T08:49:26Z" name="Open Cart Test Regression PW Suite" finished-at="2024-10-08T08:49:36Z" duration-ms="10874">
    <groups>
    </groups>
    <test started-at="2024-10-08T08:49:26Z" name="Open Cart Login Page Test" finished-at="2024-10-08T08:49:35Z" duration-ms="9603">
      <class name="com.qa.opencart.tests.LoginPageTest">
        <test-method is-config="true" signature="setUp()[pri:0, instance:com.qa.opencart.tests.LoginPageTest@273e7444]" started-at="2024-10-08T14:19:26Z" name="setUp" finished-at="2024-10-08T14:19:31Z" duration-ms="5628" status="PASS">
          <reporter-output>
          </reporter-output>
        </test-method> <!-- setUp -->
        <test-method signature="loginPageNavigatonTest()[pri:1, instance:com.qa.opencart.tests.LoginPageTest@273e7444]" started-at="2024-10-08T14:19:31Z" name="loginPageNavigatonTest" finished-at="2024-10-08T14:19:32Z" duration-ms="854" status="PASS">
          <reporter-output>
          </reporter-output>
        </test-method> <!-- loginPageNavigatonTest -->
        <test-method signature="forgotPwdLinkExistTest()[pri:2, instance:com.qa.opencart.tests.LoginPageTest@273e7444]" started-at="2024-10-08T14:19:32Z" name="forgotPwdLinkExistTest" finished-at="2024-10-08T14:19:32Z" duration-ms="72" status="PASS">
          <reporter-output>
          </reporter-output>
        </test-method> <!-- forgotPwdLinkExistTest -->
        <test-method signature="appLoginTest()[pri:3, instance:com.qa.opencart.tests.LoginPageTest@273e7444]" started-at="2024-10-08T14:19:33Z" name="appLoginTest" finished-at="2024-10-08T14:19:33Z" duration-ms="456" status="FAIL">
          <exception class="java.lang.AssertionError">
            <message>
              <![CDATA[expected [true] but found [false]]]>
            </message>
            <full-stacktrace>
              <![CDATA[java.lang.AssertionError: expected [true] but found [false]
	at org.testng.Assert.fail(Assert.java:93)
	at org.testng.Assert.failNotEquals(Assert.java:512)
	at org.testng.Assert.assertTrue(Assert.java:41)
	at org.testng.Assert.assertTrue(Assert.java:51)
	at com.qa.opencart.tests.LoginPageTest.appLoginTest(LoginPageTest.java:33)
	at java.base/jdk.internal.reflect.DirectMethodHandleAccessor.invoke(DirectMethodHandleAccessor.java:103)
	at java.base/java.lang.reflect.Method.invoke(Method.java:580)
	at org.testng.internal.MethodInvocationHelper.invokeMethod(MethodInvocationHelper.java:108)
	at org.testng.internal.Invoker.invokeMethod(Invoker.java:661)
	at org.testng.internal.Invoker.invokeTestMethod(Invoker.java:869)
	at org.testng.internal.Invoker.invokeTestMethods(Invoker.java:1193)
	at org.testng.internal.TestMethodWorker.invokeTestMethods(TestMethodWorker.java:126)
	at org.testng.internal.TestMethodWorker.run(TestMethodWorker.java:109)
	at org.testng.TestRunner.privateRun(TestRunner.java:744)
	at org.testng.TestRunner.run(TestRunner.java:602)
	at org.testng.SuiteRunner.runTest(SuiteRunner.java:380)
	at org.testng.SuiteRunner.access$000(SuiteRunner.java:39)
	at org.testng.SuiteRunner$SuiteWorker.run(SuiteRunner.java:414)
	at org.testng.internal.thread.ThreadUtil$1.call(ThreadUtil.java:52)
	at java.base/java.util.concurrent.FutureTask.run(FutureTask.java:317)
	at java.base/java.util.concurrent.ThreadPoolExecutor.runWorker(ThreadPoolExecutor.java:1144)
	at java.base/java.util.concurrent.ThreadPoolExecutor$Worker.run(ThreadPoolExecutor.java:642)
	at java.base/java.lang.Thread.run(Thread.java:1583)
]]>
            </full-stacktrace>
          </exception> <!-- java.lang.AssertionError -->
          <reporter-output>
          </reporter-output>
        </test-method> <!-- appLoginTest -->
        <test-method is-config="true" signature="tearDown()[pri:0, instance:com.qa.opencart.tests.LoginPageTest@273e7444]" started-at="2024-10-08T14:19:34Z" name="tearDown" finished-at="2024-10-08T14:19:35Z" duration-ms="1390" status="PASS">
          <reporter-output>
          </reporter-output>
        </test-method> <!-- tearDown -->
      </class> <!-- com.qa.opencart.tests.LoginPageTest -->
    </test> <!-- Open Cart Login Page Test -->
    <test started-at="2024-10-08T08:49:26Z" name="Open Cart Home Page Test" finished-at="2024-10-08T08:49:36Z" duration-ms="10874">
      <class name="com.qa.opencart.tests.HomePageTest">
        <test-method is-config="true" signature="setUp()[pri:0, instance:com.qa.opencart.tests.HomePageTest@1e1a0406]" started-at="2024-10-08T14:19:26Z" name="setUp" finished-at="2024-10-08T14:19:33Z" duration-ms="7191" status="PASS">
          <reporter-output>
          </reporter-output>
        </test-method> <!-- setUp -->
        <test-method signature="homePageTitleTest()[pri:0, instance:com.qa.opencart.tests.HomePageTest@1e1a0406]" started-at="2024-10-08T14:19:33Z" name="homePageTitleTest" finished-at="2024-10-08T14:19:33Z" duration-ms="317" status="PASS">
          <reporter-output>
          </reporter-output>
        </test-method> <!-- homePageTitleTest -->
        <test-method signature="homePageUrlTest()[pri:0, instance:com.qa.opencart.tests.HomePageTest@1e1a0406]" started-at="2024-10-08T14:19:34Z" name="homePageUrlTest" finished-at="2024-10-08T14:19:34Z" duration-ms="214" status="PASS">
          <reporter-output>
          </reporter-output>
        </test-method> <!-- homePageUrlTest -->
        <test-method signature="searchResultTest(java.lang.String)[pri:0, instance:com.qa.opencart.tests.HomePageTest@1e1a0406]" started-at="2024-10-08T14:19:34Z" name="searchResultTest" data-provider="getProductData" finished-at="2024-10-08T14:19:34Z" duration-ms="318" status="PASS">
          <params>
            <param index="0">
              <value>
                <![CDATA[Mackbook]]>
              </value>
            </param>
          </params>
          <reporter-output>
          </reporter-output>
        </test-method> <!-- searchResultTest -->
        <test-method signature="searchResultTest(java.lang.String)[pri:0, instance:com.qa.opencart.tests.HomePageTest@1e1a0406]" started-at="2024-10-08T14:19:35Z" name="searchResultTest" data-provider="getProductData" finished-at="2024-10-08T14:19:35Z" duration-ms="264" status="PASS">
          <params>
            <param index="0">
              <value>
                <![CDATA[iMac]]>
              </value>
            </param>
          </params>
          <reporter-output>
          </reporter-output>
        </test-method> <!-- searchResultTest -->
        <test-method signature="searchResultTest(java.lang.String)[pri:0, instance:com.qa.opencart.tests.HomePageTest@1e1a0406]" started-at="2024-10-08T14:19:35Z" name="searchResultTest" data-provider="getProductData" finished-at="2024-10-08T14:19:36Z" duration-ms="329" status="PASS">
          <params>
            <param index="0">
              <value>
                <![CDATA[Samsung]]>
              </value>
            </param>
          </params>
          <reporter-output>
          </reporter-output>
        </test-method> <!-- searchResultTest -->
        <test-method is-config="true" signature="tearDown()[pri:0, instance:com.qa.opencart.tests.HomePageTest@1e1a0406]" started-at="2024-10-08T14:19:36Z" name="tearDown" finished-at="2024-10-08T14:19:36Z" duration-ms="416" status="PASS">
          <reporter-output>
          </reporter-output>
        </test-method> <!-- tearDown -->
      </class> <!-- com.qa.opencart.tests.HomePageTest -->
    </test> <!-- Open Cart Home Page Test -->
  </suite> <!-- Open Cart Test Regression PW Suite -->
</testng-results>
